  hash.c
  error_code.c
  circular_buffer.c
  color.c
  console.c
  directory.c
d:\repos\gilqore\modules\io\directory\platform_specific\windows\directory.c(65): warning C4244: '=': conversion from 'u64' to 'u32', possible loss of data
  file_platform_specific.c.c
  libc.c
d:\repos\gilqore\modules\libc\libc.c(108): warning C4244: 'function': conversion from 'u64' to 'size_t', possible loss of data
d:\repos\gilqore\modules\libc\libc.c(112): warning C4244: 'function': conversion from 'u64' to 'size_t', possible loss of data
d:\repos\gilqore\modules\libc\libc.c(116): warning C4244: 'function': conversion from 'u64' to 'size_t', possible loss of data
d:\repos\gilqore\modules\libc\libc.c(128): warning C4244: 'function': conversion from 'u64' to 'size_t', possible loss of data
d:\repos\gilqore\modules\libc\libc.c(140): warning C4244: 'function': conversion from 'u64' to 'size_t', possible loss of data
d:\repos\gilqore\modules\libc\libc.c(194): warning C4244: 'function': conversion from 'u64' to 'const size_t', possible loss of data
  libc_platform_specific.c
  abs.c
  clamp.c
  compare.c
  lerp.c
  mod.c
  random.c
  sqrt.c
d:\repos\gilqore\modules\math\sqrt\sqrt.c(6): warning C4244: 'return': conversion from 'double' to 'r32', possible loss of data
  process.c
  test_framework_window.c
d:\repos\gilqore\modules\test_framework\platform_specific\windows\test_framework_window.c(14): warning C4007: 'WinMain': must be '__stdcall'
d:\repos\gilqore\modules\test_framework\platform_specific\windows\test_framework_window.c(34): warning C4244: 'function': conversion from 'u64' to 'u32', possible loss of data
d:\repos\gilqore\modules\test_framework\platform_specific\windows\test_framework_window.c(40): warning C4244: 'function': conversion from 'u64' to 'size_t', possible loss of data
  test_framework.c
  time.c
  Generating Code...
  Compiling...
  basic_types.c
  string.c
  string_replacer.c
  v2r32.c
  v2r64.c
  v2s16.c
  v2s32.c
  v2s64.c
  v2s8.c
  v2u16.c
  v2u32.c
  v2u64.c
  v2u8.c
  v3r32.c
  v3r64.c
  v3s16.c
  v3s32.c
  v3s64.c
  v3s8.c
  v3u16.c
  Generating Code...
  Compiling...
  v3u32.c
  v3u64.c
  v3u8.c
  v4r32.c
  v4r64.c
  v4s16.c
  v4s32.c
  v4s64.c
  v4s8.c
  v4u16.c
  v4u32.c
  v4u64.c
  v4u8.c
  Generating Code...
  gilqore.vcxproj -> D:\repos\gilqore\vsport\gilqore\Debug\gilqore.lib
